[19-Jan-2018 10:46:28 Europe/Paris] PHP Warning:  require_once(./models/index.php): failed to open stream: No such file or directory in /home/UNIV-LYON1/p1604581/public_html/helloworld5/controllers/index.php on line 15
[19-Jan-2018 10:46:28 Europe/Paris] PHP Fatal error:  require_once(): Failed opening required './models/index.php' (include_path='.:/usr/share/php:/usr/share/pear') in /home/UNIV-LYON1/p1604581/public_html/helloworld5/controllers/index.php on line 15
[19-Jan-2018 11:14:30 Europe/Paris] PHP Warning:  require_once(./models/index.php): failed to open stream: No such file or directory in /home/UNIV-LYON1/p1604581/public_html/helloworld5/controllers/index.php on line 15
[19-Jan-2018 11:14:30 Europe/Paris] PHP Fatal error:  require_once(): Failed opening required './models/index.php' (include_path='.:/usr/share/php:/usr/share/pear') in /home/UNIV-LYON1/p1604581/public_html/helloworld5/controllers/index.php on line 15
[19-Jan-2018 11:25:13 Europe/Paris] PHP Warning:  require_once(./models/index.php): failed to open stream: No such file or directory in /home/UNIV-LYON1/p1604581/public_html/helloworld5/controllers/index.php on line 15
[19-Jan-2018 11:25:13 Europe/Paris] PHP Fatal error:  require_once(): Failed opening required './models/index.php' (include_path='.:/usr/share/php:/usr/share/pear') in /home/UNIV-LYON1/p1604581/public_html/helloworld5/controllers/index.php on line 15
[19-Jan-2018 11:26:09 Europe/Paris] PHP Warning:  require_once(./models/index.php): failed to open stream: No such file or directory in /home/UNIV-LYON1/p1604581/public_html/helloworld5/controllers/index.php on line 15
[19-Jan-2018 11:26:09 Europe/Paris] PHP Fatal error:  require_once(): Failed opening required './models/index.php' (include_path='.:/usr/share/php:/usr/share/pear') in /home/UNIV-LYON1/p1604581/public_html/helloworld5/controllers/index.php on line 15
[19-Jan-2018 11:26:15 Europe/Paris] PHP Warning:  require_once(./models/index.php): failed to open stream: No such file or directory in /home/UNIV-LYON1/p1604581/public_html/helloworld5/controllers/index.php on line 15
[19-Jan-2018 11:26:15 Europe/Paris] PHP Fatal error:  require_once(): Failed opening required './models/index.php' (include_path='.:/usr/share/php:/usr/share/pear') in /home/UNIV-LYON1/p1604581/public_html/helloworld5/controllers/index.php on line 15
[19-Jan-2018 11:38:01 Europe/Paris] PHP Notice:  Use of undefined constant MENU_ACCUEIL - assumed 'MENU_ACCUEIL' in /home/UNIV-LYON1/p1604581/public_html/helloworld5/languages/FR-fr.php on line 5
[19-Jan-2018 11:38:01 Europe/Paris] PHP Notice:  Use of undefined constant TITRE_PAGE_ACCUEIL - assumed 'TITRE_PAGE_ACCUEIL' in /home/UNIV-LYON1/p1604581/public_html/helloworld5/languages/FR-fr.php on line 6
[19-Jan-2018 11:38:01 Europe/Paris] PHP Notice:  Use of undefined constant TEXTE_PAGE_404 - assumed 'TEXTE_PAGE_404' in /home/UNIV-LYON1/p1604581/public_html/helloworld5/languages/FR-fr.php on line 8
[19-Jan-2018 11:38:01 Europe/Paris] PHP Notice:  Use of undefined constant MESSAGE_ERREUR - assumed 'MESSAGE_ERREUR' in /home/UNIV-LYON1/p1604581/public_html/helloworld5/languages/FR-fr.php on line 9
[19-Jan-2018 11:38:01 Europe/Paris] PHP Warning:  require_once(./models/index.php): failed to open stream: No such file or directory in /home/UNIV-LYON1/p1604581/public_html/helloworld5/controllers/index.php on line 15
[19-Jan-2018 11:38:01 Europe/Paris] PHP Fatal error:  require_once(): Failed opening required './models/index.php' (include_path='.:/usr/share/php:/usr/share/pear') in /home/UNIV-LYON1/p1604581/public_html/helloworld5/controllers/index.php on line 15
[19-Jan-2018 11:39:20 Europe/Paris] PHP Parse error:  syntax error, unexpected 'Oops' (T_STRING) in /home/UNIV-LYON1/p1604581/public_html/helloworld5/languages/FR-fr.php on line 8
[19-Jan-2018 11:39:42 Europe/Paris] PHP Warning:  require_once(./models/index.php): failed to open stream: No such file or directory in /home/UNIV-LYON1/p1604581/public_html/helloworld5/controllers/index.php on line 15
[19-Jan-2018 11:39:42 Europe/Paris] PHP Fatal error:  require_once(): Failed opening required './models/index.php' (include_path='.:/usr/share/php:/usr/share/pear') in /home/UNIV-LYON1/p1604581/public_html/helloworld5/controllers/index.php on line 15
[19-Jan-2018 15:53:42 Europe/Paris] PHP Warning:  require_once(./models/index.php): failed to open stream: No such file or directory in /home/UNIV-LYON1/p1604581/public_html/helloworld5/controllers/index.php on line 15
[19-Jan-2018 15:53:42 Europe/Paris] PHP Fatal error:  require_once(): Failed opening required './models/index.php' (include_path='.:/usr/share/php:/usr/share/pear') in /home/UNIV-LYON1/p1604581/public_html/helloworld5/controllers/index.php on line 15
[19-Jan-2018 15:58:57 Europe/Paris] PHP Parse error:  syntax error, unexpected ''index.php'' (T_CONSTANT_ENCAPSED_STRING) in /home/UNIV-LYON1/p1604581/public_html/helloworld5/controllers/index.php on line 15
[19-Jan-2018 15:59:09 Europe/Paris] PHP Warning:  require_once(./models/index.php): failed to open stream: No such file or directory in /home/UNIV-LYON1/p1604581/public_html/helloworld5/controllers/index.php on line 15
[19-Jan-2018 15:59:09 Europe/Paris] PHP Fatal error:  require_once(): Failed opening required './models/index.php' (include_path='.:/usr/share/php:/usr/share/pear') in /home/UNIV-LYON1/p1604581/public_html/helloworld5/controllers/index.php on line 15
[19-Jan-2018 16:09:34 Europe/Paris] PHP Notice:  Use of undefined constant TITRE - assumed 'TITRE' in /home/UNIV-LYON1/p1604581/public_html/helloworld5/views/header.php on line 18
[19-Jan-2018 16:09:34 Europe/Paris] PHP Notice:  Use of undefined constant TITRE - assumed 'TITRE' in /home/UNIV-LYON1/p1604581/public_html/helloworld5/views/header.php on line 39
[19-Jan-2018 16:09:34 Europe/Paris] PHP Notice:  Use of undefined constant TITRE - assumed 'TITRE' in /home/UNIV-LYON1/p1604581/public_html/helloworld5/views/footer.php on line 22
[19-Jan-2018 16:45:38 Europe/Paris] PHP Notice:  Constant TITRE already defined in /home/UNIV-LYON1/p1604581/public_html/helloworld5/models/index.php on line 8
[19-Jan-2018 16:45:38 Europe/Paris] PHP Notice:  Constant BD_HOST already defined in /home/UNIV-LYON1/p1604581/public_html/helloworld5/models/index.php on line 11
[19-Jan-2018 16:45:38 Europe/Paris] PHP Notice:  Constant BD_DBNAME already defined in /home/UNIV-LYON1/p1604581/public_html/helloworld5/models/index.php on line 12
[19-Jan-2018 16:45:38 Europe/Paris] PHP Notice:  Constant BD_USER already defined in /home/UNIV-LYON1/p1604581/public_html/helloworld5/models/index.php on line 13
[19-Jan-2018 16:45:38 Europe/Paris] PHP Notice:  Constant BD_PWD already defined in /home/UNIV-LYON1/p1604581/public_html/helloworld5/models/index.php on line 14
